[ 2016-01-16T00:01:14+08:00 ] 127.0.0.1 /index.php/Index/admin.html
INFO: [ app_init ] --START--
INFO: Run Behavior\BuildLiteBehavior [ RunTime:0.001000s ]
INFO: [ app_init ] --END-- [ RunTime:0.002000s ]
INFO: [ app_begin ] --START--
INFO: Run Behavior\ReadHtmlCacheBehavior [ RunTime:0.002000s ]
INFO: [ app_begin ] --END-- [ RunTime:0.002000s ]
SQL: SHOW COLUMNS FROM `user` [ RunTime:0.0090s ]
SQL: SELECT `nickname` FROM `user` WHERE `account` = 'admin' LIMIT 1   [ RunTime:0.0010s ]
SQL: SHOW COLUMNS FROM `coin` [ RunTime:0.0100s ]
SQL: SELECT * FROM `coin` ORDER BY id asc  [ RunTime:0.0010s ]
SQL: SHOW COLUMNS FROM `bank` [ RunTime:0.0100s ]
SQL: SELECT * FROM `bank` ORDER BY id asc  [ RunTime:0.0020s ]
SQL: SHOW COLUMNS FROM `area` [ RunTime:0.0100s ]
NOTIC: [8] Undefined variable: areaInfo F:\WWW\coin\Application\User\Controller\IndexController.class.php 第 66 行.
INFO: [ view_parse ] --START--
INFO: [ template_filter ] --START--
INFO: Run Behavior\ContentReplaceBehavior [ RunTime:0.000000s ]
INFO: [ template_filter ] --END-- [ RunTime:0.000000s ]
INFO: Run Behavior\ParseTemplateBehavior [ RunTime:0.035002s ]
INFO: [ view_parse ] --END-- [ RunTime:0.036002s ]
INFO: [ view_filter ] --START--
INFO: Run Behavior\WriteHtmlCacheBehavior [ RunTime:0.001000s ]
INFO: [ view_filter ] --END-- [ RunTime:0.001000s ]
INFO: [ app_end ] --START--
INFO: Run Behavior\ShowPageTraceBehavior [ RunTime:0.002000s ]
INFO: [ app_end ] --END-- [ RunTime:0.002000s ]

[ 2016-01-16T00:01:41+08:00 ] 127.0.0.1 /index.php/Index/addPost?coin_name=2016%E5%B9%B4%E8%B4%BA%E5%B2%81%E7%8C%B4%E5%B9%B4%E7%BA%AA%E5%BF%B5%E5%B8%81&apply_start=2016-01-06&apply_end=2016-01-15&exchange_start=2016-01-16&exchange_end=2016-01-23&notice_url=http%3A%2F%2Fwww.pbc.gov.cn%2Fhuobijinyinju%2F147948%2F147964%2F2996628%2Findex.html&bank_name=%E4%B8%AD%E5%9B%BD%E5%B7%A5%E5%95%86%E9%93%B6%E8%A1%8C%EF%BC%8C%E4%B8%AD%E5%9B%BD%E5%BB%BA%E8%AE%BE%E9%93%B6%E8%A1%8C%EF%BC%8C%E4%B8%AD%E5%9B%BD%E5%86%9C%E4%B8%9A%E9%93%B6%E8%A1%8C%EF%BC%8C%E4%B8%AD%E5%9B%BD%E9%93%B6%E8%A1%8C&apply_url=http%3A%2F%2Fjnb.icbc.com.cn%2Fstatics%2Forder.htm%EF%BC%8Chttp%3A%2F%2Fwww.ccb.com%2Fcn%2FOtherResource%2Frpretreatment%2Findex.html%EF%BC%8Chttps%3A%2F%2Feapply.abchina.com%2Fcoin%2FCoin%2FCoinRequest%3Fissueid%3DI002%EF%BC%8Chttps%3A%2F%2Fcmcoins.boc.cn%2FBOC15_CoinSeller_M%2Fwelcome.html&query_url=https%3A%2F%2Fjnb.icbc.com.cn%2Fouter%2Fquery%EF%BC%8Chttp%3A%2F%2Fwww.ccb.com%2Fcn%2FOtherResource%2Frpretreatment%2Findex.html%EF%BC%8Chttps%3A%2F%2Feapply.abchina.com%2Fcoin%2FCoin%2FCoinSearch%3Fissueid%3DI002%EF%BC%8Chttps%3A%2F%2Fcmcoins.boc.cn%2FBOC15_CoinSeller_M%2Fwelcome.html&area_names=%E5%8C%97%E4%BA%AC%EF%BC%8C%E9%87%8D%E5%BA%86%EF%BC%8C%E6%B1%9F%E8%8B%8F%EF%BC%8C%E6%B9%96%E5%8C%97%EF%BC%8C%E5%B9%BF%E8%A5%BF%EF%BC%8C%E5%AE%89%E5%BE%BD%EF%BC%8C%E8%B4%B5%E5%B7%9E%EF%BC%8C%E5%AE%81%E5%A4%8F%EF%BC%9B%E5%86%85%E8%92%99%E5%8F%A4%EF%BC%8C%E5%90%89%E6%9E%97%EF%BC%8C%E4%B8%8A%E6%B5%B7%EF%BC%8C%E5%B1%B1%E4%B8%9C%EF%BC%8C%E7%A6%8F%E5%BB%BA%EF%BC%8C%E6%B5%B7%E5%8D%97%EF%BC%8C%E4%BA%91%E5%8D%97%EF%BC%8C%E9%99%95%E8%A5%BF%EF%BC%9B%E8%BE%BD%E5%AE%81%EF%BC%8C%E6%B5%99%E6%B1%9F%EF%BC%8C%E6%B9%96%E5%8D%97%EF%BC%8C%E5%B9%BF%E4%B8%9C%EF%BC%8C%E5%9B%9B%E5%B7%9D%EF%BC%8C%E8%A5%BF%E8%97%8F%EF%BC%8C%E9%9D%92%E6%B5%B7%EF%BC%8C%E6%96%B0%E7%96%86%EF%BC%9B%E5%A4%A9%E6%B4%A5%EF%BC%8C%E6%B2%B3%E5%8C%97%EF%BC%8C%E5%B1%B1%E8%A5%BF%EF%BC%8C%E9%BB%91%E9%BE%99%E6%B1%9F%EF%BC%8C%E6%B2%B3%E5%8D%97%EF%BC%8C%E6%B1%9F%E8%A5%BF%EF%BC%8C%E7%94%98%E8%82%83%EF%BC%8C%E6%B7%B1%E5%9C%B3
INFO: [ app_init ] --START--
INFO: Run Behavior\BuildLiteBehavior [ RunTime:0.000000s ]
INFO: [ app_init ] --END-- [ RunTime:0.003001s ]
INFO: [ app_begin ] --START--
INFO: Run Behavior\ReadHtmlCacheBehavior [ RunTime:0.006000s ]
INFO: [ app_begin ] --END-- [ RunTime:0.006000s ]
SQL: SHOW COLUMNS FROM `coin` [ RunTime:0.0110s ]
SQL: INSERT INTO `coin` (`name`,`apply_start`,`apply_end`,`exchange_start`,`exchange_end`,`notice_url`) VALUES ('2016年贺岁猴年纪念币','2016-01-06','2016-01-15','2016-01-16','2016-01-15','http://www.pbc.gov.cn/huobijinyinju/147948/147964/2996628/index.html') [ RunTime:0.0010s ]
SQL: SHOW COLUMNS FROM `bank` [ RunTime:0.0110s ]
SQL: INSERT INTO `bank` (`coin_id`,`name`,`apply_url`,`query_url`) VALUES ('1','中国工商银行','http://jnb.icbc.com.cn/statics/order.htm','https://jnb.icbc.com.cn/outer/query') [ RunTime:0.0020s ]
SQL: INSERT INTO `bank` (`coin_id`,`name`,`apply_url`,`query_url`) VALUES ('1','中国建设银行','http://www.ccb.com/cn/OtherResource/rpretreatment/index.html','http://www.ccb.com/cn/OtherResource/rpretreatment/index.html') [ RunTime:0.0010s ]
SQL: INSERT INTO `bank` (`coin_id`,`name`,`apply_url`,`query_url`) VALUES ('1','中国农业银行','https://eapply.abchina.com/coin/Coin/CoinRequest?issueid=I002','https://eapply.abchina.com/coin/Coin/CoinSearch?issueid=I002') [ RunTime:0.0010s ]
SQL: INSERT INTO `bank` (`coin_id`,`name`,`apply_url`,`query_url`) VALUES ('1','中国银行','https://cmcoins.boc.cn/BOC15_CoinSeller_M/welcome.html','https://cmcoins.boc.cn/BOC15_CoinSeller_M/welcome.html') [ RunTime:0.0010s ]
SQL: SHOW COLUMNS FROM `area` [ RunTime:0.0100s ]
SQL: INSERT INTO `area` (`bank_id`,`area`) VALUES ('1','北京') [ RunTime:0.0010s ]
SQL: INSERT INTO `area` (`bank_id`,`area`) VALUES ('1','重庆') [ RunTime:0.0030s ]
SQL: INSERT INTO `area` (`bank_id`,`area`) VALUES ('1','江苏') [ RunTime:0.0020s ]
SQL: INSERT INTO `area` (`bank_id`,`area`) VALUES ('1','湖北') [ RunTime:0.0010s ]
SQL: INSERT INTO `area` (`bank_id`,`area`) VALUES ('1','广西') [ RunTime:0.0010s ]
SQL: INSERT INTO `area` (`bank_id`,`area`) VALUES ('1','安徽') [ RunTime:0.0010s ]
SQL: INSERT INTO `area` (`bank_id`,`area`) VALUES ('1','贵州') [ RunTime:0.0010s ]
SQL: INSERT INTO `area` (`bank_id`,`area`) VALUES ('1','宁夏') [ RunTime:0.0000s ]
SQL: INSERT INTO `area` (`bank_id`,`area`) VALUES ('2','内蒙古') [ RunTime:0.0000s ]
SQL: INSERT INTO `area` (`bank_id`,`area`) VALUES ('2','吉林') [ RunTime:0.0010s ]
SQL: INSERT INTO `area` (`bank_id`,`area`) VALUES ('2','上海') [ RunTime:0.0010s ]
SQL: INSERT INTO `area` (`bank_id`,`area`) VALUES ('2','山东') [ RunTime:0.0010s ]
SQL: INSERT INTO `area` (`bank_id`,`area`) VALUES ('2','福建') [ RunTime:0.0010s ]
SQL: INSERT INTO `area` (`bank_id`,`area`) VALUES ('2','海南') [ RunTime:0.0010s ]
SQL: INSERT INTO `area` (`bank_id`,`area`) VALUES ('2','云南') [ RunTime:0.0000s ]
SQL: INSERT INTO `area` (`bank_id`,`area`) VALUES ('2','陕西') [ RunTime:0.0000s ]
SQL: INSERT INTO `area` (`bank_id`,`area`) VALUES ('3','辽宁') [ RunTime:0.0010s ]
SQL: INSERT INTO `area` (`bank_id`,`area`) VALUES ('3','浙江') [ RunTime:0.0010s ]
SQL: INSERT INTO `area` (`bank_id`,`area`) VALUES ('3','湖南') [ RunTime:0.0050s ]
SQL: INSERT INTO `area` (`bank_id`,`area`) VALUES ('3','广东') [ RunTime:0.0010s ]
SQL: INSERT INTO `area` (`bank_id`,`area`) VALUES ('3','四川') [ RunTime:0.0010s ]
SQL: INSERT INTO `area` (`bank_id`,`area`) VALUES ('3','西藏') [ RunTime:0.0010s ]
SQL: INSERT INTO `area` (`bank_id`,`area`) VALUES ('3','青海') [ RunTime:0.0010s ]
SQL: INSERT INTO `area` (`bank_id`,`area`) VALUES ('3','新疆') [ RunTime:0.0010s ]
SQL: INSERT INTO `area` (`bank_id`,`area`) VALUES ('4','天津') [ RunTime:0.0000s ]
SQL: INSERT INTO `area` (`bank_id`,`area`) VALUES ('4','河北') [ RunTime:0.0000s ]
SQL: INSERT INTO `area` (`bank_id`,`area`) VALUES ('4','山西') [ RunTime:0.0000s ]
SQL: INSERT INTO `area` (`bank_id`,`area`) VALUES ('4','黑龙江') [ RunTime:0.0010s ]
SQL: INSERT INTO `area` (`bank_id`,`area`) VALUES ('4','河南') [ RunTime:0.0020s ]
SQL: INSERT INTO `area` (`bank_id`,`area`) VALUES ('4','江西') [ RunTime:0.0010s ]
SQL: INSERT INTO `area` (`bank_id`,`area`) VALUES ('4','甘肃') [ RunTime:0.0010s ]
SQL: INSERT INTO `area` (`bank_id`,`area`) VALUES ('4','深圳') [ RunTime:0.0010s ]
INFO: [ app_end ] --START--
INFO: Run Behavior\ShowPageTraceBehavior [ RunTime:0.002000s ]
INFO: [ app_end ] --END-- [ RunTime:0.003000s ]

[ 2016-01-16T00:01:42+08:00 ] 127.0.0.1 /index.php/Index/admin
INFO: [ app_init ] --START--
INFO: Run Behavior\BuildLiteBehavior [ RunTime:0.000000s ]
INFO: [ app_init ] --END-- [ RunTime:0.001000s ]
INFO: [ app_begin ] --START--
INFO: Run Behavior\ReadHtmlCacheBehavior [ RunTime:0.002000s ]
INFO: [ app_begin ] --END-- [ RunTime:0.002000s ]
SQL: SHOW COLUMNS FROM `user` [ RunTime:0.0090s ]
SQL: SELECT `nickname` FROM `user` WHERE `account` = 'admin' LIMIT 1   [ RunTime:0.0010s ]
SQL: SHOW COLUMNS FROM `coin` [ RunTime:0.0100s ]
SQL: SELECT * FROM `coin` ORDER BY id asc  [ RunTime:0.0010s ]
SQL: SHOW COLUMNS FROM `bank` [ RunTime:0.0110s ]
SQL: SELECT * FROM `bank` ORDER BY id asc  [ RunTime:0.0010s ]
SQL: SHOW COLUMNS FROM `area` [ RunTime:0.0090s ]
SQL: SELECT * FROM `area` WHERE ( bank_id=1 ) ORDER BY id asc  [ RunTime:0.0010s ]
SQL: SELECT * FROM `area` WHERE ( bank_id=2 ) ORDER BY id asc  [ RunTime:0.0010s ]
SQL: SELECT * FROM `area` WHERE ( bank_id=3 ) ORDER BY id asc  [ RunTime:0.0010s ]
SQL: SELECT * FROM `area` WHERE ( bank_id=4 ) ORDER BY id asc  [ RunTime:0.0010s ]
INFO: [ view_parse ] --START--
INFO: [ template_filter ] --START--
INFO: Run Behavior\ContentReplaceBehavior [ RunTime:0.000000s ]
INFO: [ template_filter ] --END-- [ RunTime:0.001000s ]
INFO: Run Behavior\ParseTemplateBehavior [ RunTime:0.033002s ]
INFO: [ view_parse ] --END-- [ RunTime:0.034002s ]
INFO: [ view_filter ] --START--
INFO: Run Behavior\WriteHtmlCacheBehavior [ RunTime:0.001000s ]
INFO: [ view_filter ] --END-- [ RunTime:0.001000s ]
INFO: [ app_end ] --START--
INFO: Run Behavior\ShowPageTraceBehavior [ RunTime:0.002000s ]
INFO: [ app_end ] --END-- [ RunTime:0.003000s ]

