[ 2016-01-20T19:33:53+08:00 ] 127.0.0.1 /index.php/Index/admin/type/1/p/3.html
INFO: [ app_init ] --START--
INFO: Run Behavior\BuildLiteBehavior [ RunTime:0.000000s ]
INFO: [ app_init ] --END-- [ RunTime:0.002000s ]
INFO: [ app_begin ] --START--
INFO: Run Behavior\ReadHtmlCacheBehavior [ RunTime:0.002000s ]
INFO: [ app_begin ] --END-- [ RunTime:0.002000s ]
SQL: SHOW COLUMNS FROM `user` [ RunTime:0.0110s ]
SQL: SELECT `nickname` FROM `user` WHERE `account` = 'zhouxiaohui' LIMIT 1   [ RunTime:0.0010s ]
SQL: SHOW COLUMNS FROM `user` [ RunTime:0.0110s ]
SQL: SELECT COUNT(*) AS tp_count FROM `user` LIMIT 1   [ RunTime:0.0010s ]
SQL: SELECT * FROM `user` ORDER BY id LIMIT 10,5   [ RunTime:0.0010s ]
SQL: SHOW COLUMNS FROM `coin` [ RunTime:0.0110s ]
SQL: SELECT * FROM `coin` ORDER BY id desc  [ RunTime:0.0020s ]
SQL: SHOW COLUMNS FROM `bank` [ RunTime:0.0100s ]
SQL: SELECT * FROM `bank` ORDER BY id desc  [ RunTime:0.0020s ]
SQL: SHOW COLUMNS FROM `area` [ RunTime:0.0120s ]
SQL: SELECT * FROM `area` WHERE ( bank_id=4 ) ORDER BY id desc  [ RunTime:0.0020s ]
SQL: SELECT * FROM `area` WHERE ( bank_id=3 ) ORDER BY id desc  [ RunTime:0.0010s ]
SQL: SELECT * FROM `area` WHERE ( bank_id=2 ) ORDER BY id desc  [ RunTime:0.0010s ]
SQL: SELECT * FROM `area` WHERE ( bank_id=1 ) ORDER BY id desc  [ RunTime:0.0010s ]
SQL: SHOW COLUMNS FROM `news` [ RunTime:0.0090s ]
SQL: SELECT COUNT(*) AS tp_count FROM `news` LIMIT 1   [ RunTime:0.0010s ]
SQL: SELECT * FROM `news` ORDER BY id desc LIMIT 10,5   [ RunTime:0.0010s ]
INFO: [ view_parse ] --START--
INFO: [ template_filter ] --START--
INFO: Run Behavior\ContentReplaceBehavior [ RunTime:0.001000s ]
INFO: [ template_filter ] --END-- [ RunTime:0.001000s ]
INFO: Run Behavior\ParseTemplateBehavior [ RunTime:0.087005s ]
INFO: [ view_parse ] --END-- [ RunTime:0.088005s ]
INFO: [ view_filter ] --START--
INFO: Run Behavior\WriteHtmlCacheBehavior [ RunTime:0.001000s ]
INFO: [ view_filter ] --END-- [ RunTime:0.001000s ]
ERR: Think\Controller:url方法不存在！
NOTIC: [2] Cannot modify header information - headers already sent by (output started at F:\WWW\coin\ThinkPHP\Library\Think\View.class.php:95) F:\WWW\coin\ThinkPHP\Library\Think\Think.class.php 第 229 行.
NOTIC: [2] Cannot modify header information - headers already sent by (output started at F:\WWW\coin\ThinkPHP\Library\Think\View.class.php:95) F:\WWW\coin\ThinkPHP\Library\Think\Think.class.php 第 230 行.

[ 2016-01-20T19:34:16+08:00 ] 127.0.0.1 /index.php/Index/admin/type/1/p/3.html
INFO: [ app_init ] --START--
INFO: Run Behavior\BuildLiteBehavior [ RunTime:0.000000s ]
INFO: [ app_init ] --END-- [ RunTime:0.001000s ]
INFO: [ app_begin ] --START--
INFO: Run Behavior\ReadHtmlCacheBehavior [ RunTime:0.001000s ]
INFO: [ app_begin ] --END-- [ RunTime:0.002000s ]
SQL: SHOW COLUMNS FROM `user` [ RunTime:0.0100s ]
SQL: SELECT `nickname` FROM `user` WHERE `account` = 'zhouxiaohui' LIMIT 1   [ RunTime:0.0010s ]
SQL: SHOW COLUMNS FROM `user` [ RunTime:0.0090s ]
SQL: SELECT COUNT(*) AS tp_count FROM `user` LIMIT 1   [ RunTime:0.0010s ]
SQL: SELECT * FROM `user` ORDER BY id LIMIT 10,5   [ RunTime:0.0010s ]
SQL: SHOW COLUMNS FROM `coin` [ RunTime:0.0110s ]
SQL: SELECT * FROM `coin` ORDER BY id desc  [ RunTime:0.0010s ]
SQL: SHOW COLUMNS FROM `bank` [ RunTime:0.0140s ]
SQL: SELECT * FROM `bank` ORDER BY id desc  [ RunTime:0.0010s ]
SQL: SHOW COLUMNS FROM `area` [ RunTime:0.0100s ]
SQL: SELECT * FROM `area` WHERE ( bank_id=4 ) ORDER BY id desc  [ RunTime:0.0010s ]
SQL: SELECT * FROM `area` WHERE ( bank_id=3 ) ORDER BY id desc  [ RunTime:0.0010s ]
SQL: SELECT * FROM `area` WHERE ( bank_id=2 ) ORDER BY id desc  [ RunTime:0.0010s ]
SQL: SELECT * FROM `area` WHERE ( bank_id=1 ) ORDER BY id desc  [ RunTime:0.0010s ]
SQL: SHOW COLUMNS FROM `news` [ RunTime:0.0100s ]
SQL: SELECT COUNT(*) AS tp_count FROM `news` LIMIT 1   [ RunTime:0.0010s ]
SQL: SELECT * FROM `news` ORDER BY id desc LIMIT 10,5   [ RunTime:0.0010s ]
INFO: [ view_parse ] --START--
INFO: [ template_filter ] --START--
INFO: Run Behavior\ContentReplaceBehavior [ RunTime:0.000000s ]
INFO: [ template_filter ] --END-- [ RunTime:0.001000s ]
INFO: Run Behavior\ParseTemplateBehavior [ RunTime:0.051003s ]
INFO: [ view_parse ] --END-- [ RunTime:0.051003s ]
INFO: [ view_filter ] --START--
INFO: Run Behavior\WriteHtmlCacheBehavior [ RunTime:0.001000s ]
INFO: [ view_filter ] --END-- [ RunTime:0.001000s ]

[ 2016-01-20T19:35:06+08:00 ] 127.0.0.1 /index.php/Index/admin/type/1/p/3.html
INFO: [ app_init ] --START--
INFO: Run Behavior\BuildLiteBehavior [ RunTime:0.000000s ]
INFO: [ app_init ] --END-- [ RunTime:0.001000s ]
INFO: [ app_begin ] --START--
INFO: Run Behavior\ReadHtmlCacheBehavior [ RunTime:0.003000s ]
INFO: [ app_begin ] --END-- [ RunTime:0.003000s ]
SQL: SHOW COLUMNS FROM `user` [ RunTime:0.0100s ]
SQL: SELECT `nickname` FROM `user` WHERE `account` = 'zhouxiaohui' LIMIT 1   [ RunTime:0.0000s ]
SQL: SHOW COLUMNS FROM `user` [ RunTime:0.0130s ]
SQL: SELECT COUNT(*) AS tp_count FROM `user` LIMIT 1   [ RunTime:0.0000s ]
SQL: SELECT * FROM `user` ORDER BY id LIMIT 10,5   [ RunTime:0.0010s ]
SQL: SHOW COLUMNS FROM `coin` [ RunTime:0.0110s ]
SQL: SELECT * FROM `coin` ORDER BY id desc  [ RunTime:0.0010s ]
SQL: SHOW COLUMNS FROM `bank` [ RunTime:0.0100s ]
SQL: SELECT * FROM `bank` ORDER BY id desc  [ RunTime:0.0010s ]
SQL: SHOW COLUMNS FROM `area` [ RunTime:0.0110s ]
SQL: SELECT * FROM `area` WHERE ( bank_id=4 ) ORDER BY id desc  [ RunTime:0.0010s ]
SQL: SELECT * FROM `area` WHERE ( bank_id=3 ) ORDER BY id desc  [ RunTime:0.0010s ]
SQL: SELECT * FROM `area` WHERE ( bank_id=2 ) ORDER BY id desc  [ RunTime:0.0010s ]
SQL: SELECT * FROM `area` WHERE ( bank_id=1 ) ORDER BY id desc  [ RunTime:0.0010s ]
SQL: SHOW COLUMNS FROM `news` [ RunTime:0.0100s ]
SQL: SELECT COUNT(*) AS tp_count FROM `news` LIMIT 1   [ RunTime:0.0010s ]
SQL: SELECT * FROM `news` ORDER BY id desc LIMIT 10,5   [ RunTime:0.0010s ]
INFO: [ view_parse ] --START--
INFO: [ template_filter ] --START--
INFO: Run Behavior\ContentReplaceBehavior [ RunTime:0.001000s ]
INFO: [ template_filter ] --END-- [ RunTime:0.001000s ]
INFO: Run Behavior\ParseTemplateBehavior [ RunTime:0.048003s ]
INFO: [ view_parse ] --END-- [ RunTime:0.049003s ]
INFO: [ view_filter ] --START--
INFO: Run Behavior\WriteHtmlCacheBehavior [ RunTime:0.001000s ]
INFO: [ view_filter ] --END-- [ RunTime:0.002000s ]

[ 2016-01-20T19:35:20+08:00 ] 127.0.0.1 /index.php/Index/admin/type/1/p/3.html
INFO: [ app_init ] --START--
INFO: Run Behavior\BuildLiteBehavior [ RunTime:0.000000s ]
INFO: [ app_init ] --END-- [ RunTime:0.002000s ]
INFO: [ app_begin ] --START--
INFO: Run Behavior\ReadHtmlCacheBehavior [ RunTime:0.002000s ]
INFO: [ app_begin ] --END-- [ RunTime:0.002000s ]
SQL: SHOW COLUMNS FROM `user` [ RunTime:0.0100s ]
SQL: SELECT `nickname` FROM `user` WHERE `account` = 'zhouxiaohui' LIMIT 1   [ RunTime:0.0010s ]
SQL: SHOW COLUMNS FROM `user` [ RunTime:0.0100s ]
SQL: SELECT COUNT(*) AS tp_count FROM `user` LIMIT 1   [ RunTime:0.0010s ]
SQL: SELECT * FROM `user` ORDER BY id LIMIT 10,5   [ RunTime:0.0010s ]
SQL: SHOW COLUMNS FROM `coin` [ RunTime:0.0110s ]
SQL: SELECT * FROM `coin` ORDER BY id desc  [ RunTime:0.0010s ]
SQL: SHOW COLUMNS FROM `bank` [ RunTime:0.0100s ]
SQL: SELECT * FROM `bank` ORDER BY id desc  [ RunTime:0.0010s ]
SQL: SHOW COLUMNS FROM `area` [ RunTime:0.0100s ]
SQL: SELECT * FROM `area` WHERE ( bank_id=4 ) ORDER BY id desc  [ RunTime:0.0010s ]
SQL: SELECT * FROM `area` WHERE ( bank_id=3 ) ORDER BY id desc  [ RunTime:0.0010s ]
SQL: SELECT * FROM `area` WHERE ( bank_id=2 ) ORDER BY id desc  [ RunTime:0.0010s ]
SQL: SELECT * FROM `area` WHERE ( bank_id=1 ) ORDER BY id desc  [ RunTime:0.0010s ]
SQL: SHOW COLUMNS FROM `news` [ RunTime:0.0100s ]
SQL: SELECT COUNT(*) AS tp_count FROM `news` LIMIT 1   [ RunTime:0.0000s ]
SQL: SELECT * FROM `news` ORDER BY id desc LIMIT 10,5   [ RunTime:0.0010s ]
INFO: [ view_parse ] --START--
INFO: [ template_filter ] --START--
INFO: Run Behavior\ContentReplaceBehavior [ RunTime:0.001000s ]
INFO: [ template_filter ] --END-- [ RunTime:0.001000s ]
INFO: Run Behavior\ParseTemplateBehavior [ RunTime:0.050003s ]
INFO: [ view_parse ] --END-- [ RunTime:0.050003s ]
INFO: [ view_filter ] --START--
INFO: Run Behavior\WriteHtmlCacheBehavior [ RunTime:0.001000s ]
INFO: [ view_filter ] --END-- [ RunTime:0.001000s ]
ERR: Think\Controller:<div> <a class="prev" href="/index.php/Index/admin/type/1/p/2.html"><<</a> <a class="num" href="/index.php/Index/admin/type/1/p/1.html">1</a><a class="num" href="/index.php/Index/admin/type/1/p/2.html">2</a><span class="current">3</span>  </div>方法不存在！
NOTIC: [2] Cannot modify header information - headers already sent by (output started at F:\WWW\coin\ThinkPHP\Library\Think\View.class.php:95) F:\WWW\coin\ThinkPHP\Library\Think\Think.class.php 第 229 行.
NOTIC: [2] Cannot modify header information - headers already sent by (output started at F:\WWW\coin\ThinkPHP\Library\Think\View.class.php:95) F:\WWW\coin\ThinkPHP\Library\Think\Think.class.php 第 230 行.

[ 2016-01-20T19:35:52+08:00 ] 127.0.0.1 /index.php/Index/admin/type/1/p/3.html
INFO: [ app_init ] --START--
INFO: Run Behavior\BuildLiteBehavior [ RunTime:0.000000s ]
INFO: [ app_init ] --END-- [ RunTime:0.001000s ]
INFO: [ app_begin ] --START--
INFO: Run Behavior\ReadHtmlCacheBehavior [ RunTime:0.001000s ]
INFO: [ app_begin ] --END-- [ RunTime:0.001000s ]
SQL: SHOW COLUMNS FROM `user` [ RunTime:0.0100s ]
SQL: SELECT `nickname` FROM `user` WHERE `account` = 'zhouxiaohui' LIMIT 1   [ RunTime:0.0010s ]
SQL: SHOW COLUMNS FROM `user` [ RunTime:0.0110s ]
SQL: SELECT COUNT(*) AS tp_count FROM `user` LIMIT 1   [ RunTime:0.0010s ]
SQL: SELECT * FROM `user` ORDER BY id LIMIT 10,5   [ RunTime:0.0010s ]
SQL: SHOW COLUMNS FROM `coin` [ RunTime:0.0120s ]
SQL: SELECT * FROM `coin` ORDER BY id desc  [ RunTime:0.0020s ]
SQL: SHOW COLUMNS FROM `bank` [ RunTime:0.0110s ]
SQL: SELECT * FROM `bank` ORDER BY id desc  [ RunTime:0.0010s ]
SQL: SHOW COLUMNS FROM `area` [ RunTime:0.0100s ]
SQL: SELECT * FROM `area` WHERE ( bank_id=4 ) ORDER BY id desc  [ RunTime:0.0010s ]
SQL: SELECT * FROM `area` WHERE ( bank_id=3 ) ORDER BY id desc  [ RunTime:0.0010s ]
SQL: SELECT * FROM `area` WHERE ( bank_id=2 ) ORDER BY id desc  [ RunTime:0.0010s ]
SQL: SELECT * FROM `area` WHERE ( bank_id=1 ) ORDER BY id desc  [ RunTime:0.0010s ]
SQL: SHOW COLUMNS FROM `news` [ RunTime:0.0120s ]
SQL: SELECT COUNT(*) AS tp_count FROM `news` LIMIT 1   [ RunTime:0.0010s ]
SQL: SELECT * FROM `news` ORDER BY id desc LIMIT 10,5   [ RunTime:0.0010s ]
INFO: [ view_parse ] --START--
INFO: [ template_filter ] --START--
INFO: Run Behavior\ContentReplaceBehavior [ RunTime:0.000000s ]
INFO: [ template_filter ] --END-- [ RunTime:0.000000s ]
INFO: Run Behavior\ParseTemplateBehavior [ RunTime:0.051003s ]
INFO: [ view_parse ] --END-- [ RunTime:0.051003s ]
INFO: [ view_filter ] --START--
INFO: Run Behavior\WriteHtmlCacheBehavior [ RunTime:0.001000s ]
INFO: [ view_filter ] --END-- [ RunTime:0.002000s ]

[ 2016-01-20T19:36:04+08:00 ] 127.0.0.1 /index.php/Index/admin/type/1/p/2.html
INFO: [ app_init ] --START--
INFO: Run Behavior\BuildLiteBehavior [ RunTime:0.000000s ]
INFO: [ app_init ] --END-- [ RunTime:0.001000s ]
INFO: [ app_begin ] --START--
INFO: Run Behavior\ReadHtmlCacheBehavior [ RunTime:0.001000s ]
INFO: [ app_begin ] --END-- [ RunTime:0.001000s ]
SQL: SHOW COLUMNS FROM `user` [ RunTime:0.0120s ]
SQL: SELECT `nickname` FROM `user` WHERE `account` = 'zhouxiaohui' LIMIT 1   [ RunTime:0.0020s ]
SQL: SHOW COLUMNS FROM `user` [ RunTime:0.0110s ]
SQL: SELECT COUNT(*) AS tp_count FROM `user` LIMIT 1   [ RunTime:0.0010s ]
SQL: SELECT * FROM `user` ORDER BY id LIMIT 5,5   [ RunTime:0.0020s ]
SQL: SHOW COLUMNS FROM `coin` [ RunTime:0.0110s ]
SQL: SELECT * FROM `coin` ORDER BY id desc  [ RunTime:0.0010s ]
SQL: SHOW COLUMNS FROM `bank` [ RunTime:0.0110s ]
SQL: SELECT * FROM `bank` ORDER BY id desc  [ RunTime:0.0010s ]
SQL: SHOW COLUMNS FROM `area` [ RunTime:0.0110s ]
SQL: SELECT * FROM `area` WHERE ( bank_id=4 ) ORDER BY id desc  [ RunTime:0.0010s ]
SQL: SELECT * FROM `area` WHERE ( bank_id=3 ) ORDER BY id desc  [ RunTime:0.0010s ]
SQL: SELECT * FROM `area` WHERE ( bank_id=2 ) ORDER BY id desc  [ RunTime:0.0010s ]
SQL: SELECT * FROM `area` WHERE ( bank_id=1 ) ORDER BY id desc  [ RunTime:0.0010s ]
SQL: SHOW COLUMNS FROM `news` [ RunTime:0.0100s ]
SQL: SELECT COUNT(*) AS tp_count FROM `news` LIMIT 1   [ RunTime:0.0000s ]
SQL: SELECT * FROM `news` ORDER BY id desc LIMIT 5,5   [ RunTime:0.0010s ]
INFO: [ view_parse ] --START--
INFO: [ template_filter ] --START--
INFO: Run Behavior\ContentReplaceBehavior [ RunTime:0.001001s ]
INFO: [ template_filter ] --END-- [ RunTime:0.001001s ]
INFO: Run Behavior\ParseTemplateBehavior [ RunTime:0.056003s ]
INFO: [ view_parse ] --END-- [ RunTime:0.056003s ]
INFO: [ view_filter ] --START--
INFO: Run Behavior\WriteHtmlCacheBehavior [ RunTime:0.002000s ]
INFO: [ view_filter ] --END-- [ RunTime:0.002000s ]

[ 2016-01-20T19:36:12+08:00 ] 127.0.0.1 /index.php/Index/admin/type/1/p/1.html
INFO: [ app_init ] --START--
INFO: Run Behavior\BuildLiteBehavior [ RunTime:0.000000s ]
INFO: [ app_init ] --END-- [ RunTime:0.001000s ]
INFO: [ app_begin ] --START--
INFO: Run Behavior\ReadHtmlCacheBehavior [ RunTime:0.002000s ]
INFO: [ app_begin ] --END-- [ RunTime:0.003000s ]
SQL: SHOW COLUMNS FROM `user` [ RunTime:0.0110s ]
SQL: SELECT `nickname` FROM `user` WHERE `account` = 'zhouxiaohui' LIMIT 1   [ RunTime:0.0010s ]
SQL: SHOW COLUMNS FROM `user` [ RunTime:0.0100s ]
SQL: SELECT COUNT(*) AS tp_count FROM `user` LIMIT 1   [ RunTime:0.0010s ]
SQL: SELECT * FROM `user` ORDER BY id LIMIT 0,5   [ RunTime:0.0020s ]
SQL: SHOW COLUMNS FROM `coin` [ RunTime:0.0110s ]
SQL: SELECT * FROM `coin` ORDER BY id desc  [ RunTime:0.0010s ]
SQL: SHOW COLUMNS FROM `bank` [ RunTime:0.0130s ]
SQL: SELECT * FROM `bank` ORDER BY id desc  [ RunTime:0.0010s ]
SQL: SHOW COLUMNS FROM `area` [ RunTime:0.0110s ]
SQL: SELECT * FROM `area` WHERE ( bank_id=4 ) ORDER BY id desc  [ RunTime:0.0010s ]
SQL: SELECT * FROM `area` WHERE ( bank_id=3 ) ORDER BY id desc  [ RunTime:0.0020s ]
SQL: SELECT * FROM `area` WHERE ( bank_id=2 ) ORDER BY id desc  [ RunTime:0.0010s ]
SQL: SELECT * FROM `area` WHERE ( bank_id=1 ) ORDER BY id desc  [ RunTime:0.0010s ]
SQL: SHOW COLUMNS FROM `news` [ RunTime:0.0100s ]
SQL: SELECT COUNT(*) AS tp_count FROM `news` LIMIT 1   [ RunTime:0.0010s ]
SQL: SELECT * FROM `news` ORDER BY id desc LIMIT 0,5   [ RunTime:0.0010s ]
INFO: [ view_parse ] --START--
INFO: [ template_filter ] --START--
INFO: Run Behavior\ContentReplaceBehavior [ RunTime:0.001000s ]
INFO: [ template_filter ] --END-- [ RunTime:0.001000s ]
INFO: Run Behavior\ParseTemplateBehavior [ RunTime:0.048002s ]
INFO: [ view_parse ] --END-- [ RunTime:0.048002s ]
INFO: [ view_filter ] --START--
INFO: Run Behavior\WriteHtmlCacheBehavior [ RunTime:0.001001s ]
INFO: [ view_filter ] --END-- [ RunTime:0.001001s ]

[ 2016-01-20T19:36:15+08:00 ] 127.0.0.1 /index.php/Index/admin/type/1/p/3.html
INFO: [ app_init ] --START--
INFO: Run Behavior\BuildLiteBehavior [ RunTime:0.000000s ]
INFO: [ app_init ] --END-- [ RunTime:0.001000s ]
INFO: [ app_begin ] --START--
INFO: Run Behavior\ReadHtmlCacheBehavior [ RunTime:0.001000s ]
INFO: [ app_begin ] --END-- [ RunTime:0.001000s ]
SQL: SHOW COLUMNS FROM `user` [ RunTime:0.0110s ]
SQL: SELECT `nickname` FROM `user` WHERE `account` = 'zhouxiaohui' LIMIT 1   [ RunTime:0.0010s ]
SQL: SHOW COLUMNS FROM `user` [ RunTime:0.0100s ]
SQL: SELECT COUNT(*) AS tp_count FROM `user` LIMIT 1   [ RunTime:0.0000s ]
SQL: SELECT * FROM `user` ORDER BY id LIMIT 10,5   [ RunTime:0.0010s ]
SQL: SHOW COLUMNS FROM `coin` [ RunTime:0.0100s ]
SQL: SELECT * FROM `coin` ORDER BY id desc  [ RunTime:0.0010s ]
SQL: SHOW COLUMNS FROM `bank` [ RunTime:0.0120s ]
SQL: SELECT * FROM `bank` ORDER BY id desc  [ RunTime:0.0010s ]
SQL: SHOW COLUMNS FROM `area` [ RunTime:0.0100s ]
SQL: SELECT * FROM `area` WHERE ( bank_id=4 ) ORDER BY id desc  [ RunTime:0.0010s ]
SQL: SELECT * FROM `area` WHERE ( bank_id=3 ) ORDER BY id desc  [ RunTime:0.0010s ]
SQL: SELECT * FROM `area` WHERE ( bank_id=2 ) ORDER BY id desc  [ RunTime:0.0010s ]
SQL: SELECT * FROM `area` WHERE ( bank_id=1 ) ORDER BY id desc  [ RunTime:0.0000s ]
SQL: SHOW COLUMNS FROM `news` [ RunTime:0.0110s ]
SQL: SELECT COUNT(*) AS tp_count FROM `news` LIMIT 1   [ RunTime:0.0020s ]
SQL: SELECT * FROM `news` ORDER BY id desc LIMIT 10,5   [ RunTime:0.0020s ]
INFO: [ view_parse ] --START--
INFO: [ template_filter ] --START--
INFO: Run Behavior\ContentReplaceBehavior [ RunTime:0.000000s ]
INFO: [ template_filter ] --END-- [ RunTime:0.000000s ]
INFO: Run Behavior\ParseTemplateBehavior [ RunTime:0.062004s ]
INFO: [ view_parse ] --END-- [ RunTime:0.062004s ]
INFO: [ view_filter ] --START--
INFO: Run Behavior\WriteHtmlCacheBehavior [ RunTime:0.001000s ]
INFO: [ view_filter ] --END-- [ RunTime:0.001000s ]

[ 2016-01-20T19:38:54+08:00 ] 127.0.0.1 /index.php/Index/admin/p/3.html
INFO: [ app_init ] --START--
INFO: Run Behavior\BuildLiteBehavior [ RunTime:0.001000s ]
INFO: [ app_init ] --END-- [ RunTime:0.002001s ]
INFO: [ app_begin ] --START--
INFO: Run Behavior\ReadHtmlCacheBehavior [ RunTime:0.002000s ]
INFO: [ app_begin ] --END-- [ RunTime:0.002000s ]
SQL: SHOW COLUMNS FROM `user` [ RunTime:0.0110s ]
SQL: SELECT `nickname` FROM `user` WHERE `account` = 'zhouxiaohui' LIMIT 1   [ RunTime:0.0010s ]
SQL: SHOW COLUMNS FROM `user` [ RunTime:0.0100s ]
SQL: SELECT COUNT(*) AS tp_count FROM `user` LIMIT 1   [ RunTime:0.0010s ]
SQL: SELECT * FROM `user` ORDER BY id LIMIT 10,5   [ RunTime:0.0010s ]
SQL: SHOW COLUMNS FROM `coin` [ RunTime:0.0110s ]
SQL: SELECT * FROM `coin` ORDER BY id desc  [ RunTime:0.0010s ]
SQL: SHOW COLUMNS FROM `bank` [ RunTime:0.0110s ]
SQL: SELECT * FROM `bank` ORDER BY id desc  [ RunTime:0.0010s ]
SQL: SHOW COLUMNS FROM `area` [ RunTime:0.0100s ]
SQL: SELECT * FROM `area` WHERE ( bank_id=4 ) ORDER BY id desc  [ RunTime:0.0010s ]
SQL: SELECT * FROM `area` WHERE ( bank_id=3 ) ORDER BY id desc  [ RunTime:0.0010s ]
SQL: SELECT * FROM `area` WHERE ( bank_id=2 ) ORDER BY id desc  [ RunTime:0.0010s ]
SQL: SELECT * FROM `area` WHERE ( bank_id=1 ) ORDER BY id desc  [ RunTime:0.0020s ]
SQL: SHOW COLUMNS FROM `news` [ RunTime:0.0100s ]
SQL: SELECT COUNT(*) AS tp_count FROM `news` LIMIT 1   [ RunTime:0.0010s ]
SQL: SELECT * FROM `news` ORDER BY id desc LIMIT 10,5   [ RunTime:0.0010s ]
INFO: [ view_parse ] --START--
INFO: [ template_filter ] --START--
INFO: Run Behavior\ContentReplaceBehavior [ RunTime:0.001000s ]
INFO: [ template_filter ] --END-- [ RunTime:0.002000s ]
INFO: Run Behavior\ParseTemplateBehavior [ RunTime:0.051003s ]
INFO: [ view_parse ] --END-- [ RunTime:0.051003s ]
INFO: [ view_filter ] --START--
INFO: Run Behavior\WriteHtmlCacheBehavior [ RunTime:0.002000s ]
INFO: [ view_filter ] --END-- [ RunTime:0.002000s ]

[ 2016-01-20T19:38:58+08:00 ] 127.0.0.1 /index.php/Index/admin?type=1
INFO: [ app_init ] --START--
INFO: Run Behavior\BuildLiteBehavior [ RunTime:0.000000s ]
INFO: [ app_init ] --END-- [ RunTime:0.001000s ]
INFO: [ app_begin ] --START--
INFO: Run Behavior\ReadHtmlCacheBehavior [ RunTime:0.001000s ]
INFO: [ app_begin ] --END-- [ RunTime:0.002000s ]
SQL: SHOW COLUMNS FROM `user` [ RunTime:0.0110s ]
SQL: SELECT `nickname` FROM `user` WHERE `account` = 'zhouxiaohui' LIMIT 1   [ RunTime:0.0010s ]
SQL: SHOW COLUMNS FROM `user` [ RunTime:0.0100s ]
SQL: SELECT COUNT(*) AS tp_count FROM `user` LIMIT 1   [ RunTime:0.0010s ]
SQL: SELECT * FROM `user` ORDER BY id LIMIT 0,5   [ RunTime:0.0010s ]
SQL: SHOW COLUMNS FROM `coin` [ RunTime:0.0100s ]
SQL: SELECT * FROM `coin` ORDER BY id desc  [ RunTime:0.0010s ]
SQL: SHOW COLUMNS FROM `bank` [ RunTime:0.0120s ]
SQL: SELECT * FROM `bank` ORDER BY id desc  [ RunTime:0.0020s ]
SQL: SHOW COLUMNS FROM `area` [ RunTime:0.0120s ]
SQL: SELECT * FROM `area` WHERE ( bank_id=4 ) ORDER BY id desc  [ RunTime:0.0010s ]
SQL: SELECT * FROM `area` WHERE ( bank_id=3 ) ORDER BY id desc  [ RunTime:0.0010s ]
SQL: SELECT * FROM `area` WHERE ( bank_id=2 ) ORDER BY id desc  [ RunTime:0.0000s ]
SQL: SELECT * FROM `area` WHERE ( bank_id=1 ) ORDER BY id desc  [ RunTime:0.0010s ]
SQL: SHOW COLUMNS FROM `news` [ RunTime:0.0110s ]
SQL: SELECT COUNT(*) AS tp_count FROM `news` LIMIT 1   [ RunTime:0.0000s ]
SQL: SELECT * FROM `news` ORDER BY id desc LIMIT 0,5   [ RunTime:0.0010s ]
INFO: [ view_parse ] --START--
INFO: [ template_filter ] --START--
INFO: Run Behavior\ContentReplaceBehavior [ RunTime:0.001000s ]
INFO: [ template_filter ] --END-- [ RunTime:0.001000s ]
INFO: Run Behavior\ParseTemplateBehavior [ RunTime:0.048002s ]
INFO: [ view_parse ] --END-- [ RunTime:0.048002s ]
INFO: [ view_filter ] --START--
INFO: Run Behavior\WriteHtmlCacheBehavior [ RunTime:0.001000s ]
INFO: [ view_filter ] --END-- [ RunTime:0.001000s ]

[ 2016-01-20T19:39:06+08:00 ] 127.0.0.1 /index.php/Index/admin/type/1/p/2.html
INFO: [ app_init ] --START--
INFO: Run Behavior\BuildLiteBehavior [ RunTime:0.000000s ]
INFO: [ app_init ] --END-- [ RunTime:0.002000s ]
INFO: [ app_begin ] --START--
INFO: Run Behavior\ReadHtmlCacheBehavior [ RunTime:0.002000s ]
INFO: [ app_begin ] --END-- [ RunTime:0.002000s ]
SQL: SHOW COLUMNS FROM `user` [ RunTime:0.0100s ]
SQL: SELECT `nickname` FROM `user` WHERE `account` = 'zhouxiaohui' LIMIT 1   [ RunTime:0.0010s ]
SQL: SHOW COLUMNS FROM `user` [ RunTime:0.0100s ]
SQL: SELECT COUNT(*) AS tp_count FROM `user` LIMIT 1   [ RunTime:0.0010s ]
SQL: SELECT * FROM `user` ORDER BY id LIMIT 5,5   [ RunTime:0.0000s ]
SQL: SHOW COLUMNS FROM `coin` [ RunTime:0.0110s ]
SQL: SELECT * FROM `coin` ORDER BY id desc  [ RunTime:0.0010s ]
SQL: SHOW COLUMNS FROM `bank` [ RunTime:0.0100s ]
SQL: SELECT * FROM `bank` ORDER BY id desc  [ RunTime:0.0020s ]
SQL: SHOW COLUMNS FROM `area` [ RunTime:0.0100s ]
SQL: SELECT * FROM `area` WHERE ( bank_id=4 ) ORDER BY id desc  [ RunTime:0.0010s ]
SQL: SELECT * FROM `area` WHERE ( bank_id=3 ) ORDER BY id desc  [ RunTime:0.0010s ]
SQL: SELECT * FROM `area` WHERE ( bank_id=2 ) ORDER BY id desc  [ RunTime:0.0010s ]
SQL: SELECT * FROM `area` WHERE ( bank_id=1 ) ORDER BY id desc  [ RunTime:0.0010s ]
SQL: SHOW COLUMNS FROM `news` [ RunTime:0.0100s ]
SQL: SELECT COUNT(*) AS tp_count FROM `news` LIMIT 1   [ RunTime:0.0000s ]
SQL: SELECT * FROM `news` ORDER BY id desc LIMIT 5,5   [ RunTime:0.0010s ]
INFO: [ view_parse ] --START--
INFO: [ template_filter ] --START--
INFO: Run Behavior\ContentReplaceBehavior [ RunTime:0.000000s ]
INFO: [ template_filter ] --END-- [ RunTime:0.001000s ]
INFO: Run Behavior\ParseTemplateBehavior [ RunTime:0.049002s ]
INFO: [ view_parse ] --END-- [ RunTime:0.049002s ]
INFO: [ view_filter ] --START--
INFO: Run Behavior\WriteHtmlCacheBehavior [ RunTime:0.001000s ]
INFO: [ view_filter ] --END-- [ RunTime:0.001000s ]

[ 2016-01-20T19:39:11+08:00 ] 127.0.0.1 /index.php/Index/admin/type/1/p/3.html
INFO: [ app_init ] --START--
INFO: Run Behavior\BuildLiteBehavior [ RunTime:0.000000s ]
INFO: [ app_init ] --END-- [ RunTime:0.002000s ]
INFO: [ app_begin ] --START--
INFO: Run Behavior\ReadHtmlCacheBehavior [ RunTime:0.002000s ]
INFO: [ app_begin ] --END-- [ RunTime:0.002000s ]
SQL: SHOW COLUMNS FROM `user` [ RunTime:0.0100s ]
SQL: SELECT `nickname` FROM `user` WHERE `account` = 'zhouxiaohui' LIMIT 1   [ RunTime:0.0000s ]
SQL: SHOW COLUMNS FROM `user` [ RunTime:0.0110s ]
SQL: SELECT COUNT(*) AS tp_count FROM `user` LIMIT 1   [ RunTime:0.0010s ]
SQL: SELECT * FROM `user` ORDER BY id LIMIT 10,5   [ RunTime:0.0010s ]
SQL: SHOW COLUMNS FROM `coin` [ RunTime:0.0100s ]
SQL: SELECT * FROM `coin` ORDER BY id desc  [ RunTime:0.0020s ]
SQL: SHOW COLUMNS FROM `bank` [ RunTime:0.0100s ]
SQL: SELECT * FROM `bank` ORDER BY id desc  [ RunTime:0.0010s ]
SQL: SHOW COLUMNS FROM `area` [ RunTime:0.0100s ]
SQL: SELECT * FROM `area` WHERE ( bank_id=4 ) ORDER BY id desc  [ RunTime:0.0010s ]
SQL: SELECT * FROM `area` WHERE ( bank_id=3 ) ORDER BY id desc  [ RunTime:0.0010s ]
SQL: SELECT * FROM `area` WHERE ( bank_id=2 ) ORDER BY id desc  [ RunTime:0.0010s ]
SQL: SELECT * FROM `area` WHERE ( bank_id=1 ) ORDER BY id desc  [ RunTime:0.0010s ]
SQL: SHOW COLUMNS FROM `news` [ RunTime:0.0110s ]
SQL: SELECT COUNT(*) AS tp_count FROM `news` LIMIT 1   [ RunTime:0.0010s ]
SQL: SELECT * FROM `news` ORDER BY id desc LIMIT 10,5   [ RunTime:0.0010s ]
INFO: [ view_parse ] --START--
INFO: [ template_filter ] --START--
INFO: Run Behavior\ContentReplaceBehavior [ RunTime:0.001001s ]
INFO: [ template_filter ] --END-- [ RunTime:0.001001s ]
INFO: Run Behavior\ParseTemplateBehavior [ RunTime:0.051003s ]
INFO: [ view_parse ] --END-- [ RunTime:0.051003s ]
INFO: [ view_filter ] --START--
INFO: Run Behavior\WriteHtmlCacheBehavior [ RunTime:0.001000s ]
INFO: [ view_filter ] --END-- [ RunTime:0.002000s ]

[ 2016-01-20T19:46:03+08:00 ] 127.0.0.1 /index.php/Index/admin/type/1/p/3.html
INFO: [ app_init ] --START--
INFO: Run Behavior\BuildLiteBehavior [ RunTime:0.000000s ]
INFO: [ app_init ] --END-- [ RunTime:0.001001s ]
INFO: [ app_begin ] --START--
INFO: Run Behavior\ReadHtmlCacheBehavior [ RunTime:0.002000s ]
INFO: [ app_begin ] --END-- [ RunTime:0.002000s ]
SQL: SHOW COLUMNS FROM `user` [ RunTime:0.0110s ]
SQL: SELECT `nickname` FROM `user` WHERE `account` = 'zhouxiaohui' LIMIT 1   [ RunTime:0.0010s ]
SQL: SHOW COLUMNS FROM `user` [ RunTime:0.0100s ]
SQL: SELECT COUNT(*) AS tp_count FROM `user` LIMIT 1   [ RunTime:0.0010s ]
SQL: SELECT * FROM `user` ORDER BY id LIMIT 10,5   [ RunTime:0.0010s ]
SQL: SHOW COLUMNS FROM `coin` [ RunTime:0.0110s ]
SQL: SELECT * FROM `coin` ORDER BY id desc  [ RunTime:0.0010s ]
SQL: SHOW COLUMNS FROM `bank` [ RunTime:0.0110s ]
SQL: SELECT * FROM `bank` ORDER BY id desc  [ RunTime:0.0020s ]
SQL: SHOW COLUMNS FROM `area` [ RunTime:0.0110s ]
SQL: SELECT * FROM `area` WHERE ( bank_id=4 ) ORDER BY id desc  [ RunTime:0.0010s ]
SQL: SELECT * FROM `area` WHERE ( bank_id=3 ) ORDER BY id desc  [ RunTime:0.0020s ]
SQL: SELECT * FROM `area` WHERE ( bank_id=2 ) ORDER BY id desc  [ RunTime:0.0020s ]
SQL: SELECT * FROM `area` WHERE ( bank_id=1 ) ORDER BY id desc  [ RunTime:0.0010s ]
SQL: SHOW COLUMNS FROM `news` [ RunTime:0.0120s ]
SQL: SELECT COUNT(*) AS tp_count FROM `news` LIMIT 1   [ RunTime:0.0010s ]
SQL: SELECT * FROM `news` ORDER BY id desc LIMIT 10,5   [ RunTime:0.0020s ]
INFO: [ view_parse ] --START--
INFO: [ template_filter ] --START--
INFO: Run Behavior\ContentReplaceBehavior [ RunTime:0.001000s ]
INFO: [ template_filter ] --END-- [ RunTime:0.001000s ]
INFO: Run Behavior\ParseTemplateBehavior [ RunTime:0.084004s ]
INFO: [ view_parse ] --END-- [ RunTime:0.084004s ]
INFO: [ view_filter ] --START--
INFO: Run Behavior\WriteHtmlCacheBehavior [ RunTime:0.002000s ]
INFO: [ view_filter ] --END-- [ RunTime:0.002000s ]
INFO: [ app_end ] --START--
INFO: Run Behavior\ShowPageTraceBehavior [ RunTime:0.002001s ]
INFO: [ app_end ] --END-- [ RunTime:0.002001s ]

[ 2016-01-20T20:03:08+08:00 ] 127.0.0.1 /index.php/Index/admin/type/1/p/3.html
INFO: [ app_init ] --START--
INFO: Run Behavior\BuildLiteBehavior [ RunTime:0.000000s ]
INFO: [ app_init ] --END-- [ RunTime:0.001000s ]
INFO: [ app_begin ] --START--
INFO: Run Behavior\ReadHtmlCacheBehavior [ RunTime:0.001000s ]
INFO: [ app_begin ] --END-- [ RunTime:0.001000s ]
SQL: SHOW COLUMNS FROM `user` [ RunTime:0.0120s ]
SQL: SELECT `nickname` FROM `user` WHERE `account` = 'zhouxiaohui' LIMIT 1   [ RunTime:0.0010s ]
SQL: SHOW COLUMNS FROM `user` [ RunTime:0.0100s ]
SQL: SELECT COUNT(*) AS tp_count FROM `user` LIMIT 1   [ RunTime:0.0010s ]
SQL: SELECT * FROM `user` ORDER BY id LIMIT 10,5   [ RunTime:0.0010s ]
SQL: SHOW COLUMNS FROM `coin` [ RunTime:0.0100s ]
SQL: SELECT * FROM `coin` ORDER BY id desc  [ RunTime:0.0010s ]
SQL: SHOW COLUMNS FROM `bank` [ RunTime:0.0100s ]
SQL: SELECT * FROM `bank` ORDER BY id desc  [ RunTime:0.0010s ]
SQL: SHOW COLUMNS FROM `area` [ RunTime:0.0100s ]
SQL: SELECT * FROM `area` WHERE ( bank_id=4 ) ORDER BY id desc  [ RunTime:0.0010s ]
SQL: SELECT * FROM `area` WHERE ( bank_id=3 ) ORDER BY id desc  [ RunTime:0.0010s ]
SQL: SELECT * FROM `area` WHERE ( bank_id=2 ) ORDER BY id desc  [ RunTime:0.0010s ]
SQL: SELECT * FROM `area` WHERE ( bank_id=1 ) ORDER BY id desc  [ RunTime:0.0010s ]
SQL: SHOW COLUMNS FROM `news` [ RunTime:0.0100s ]
SQL: SELECT COUNT(*) AS tp_count FROM `news` LIMIT 1   [ RunTime:0.0010s ]
SQL: SELECT * FROM `news` ORDER BY id desc LIMIT 10,5   [ RunTime:0.0010s ]
INFO: [ view_parse ] --START--
INFO: [ template_filter ] --START--
INFO: Run Behavior\ContentReplaceBehavior [ RunTime:0.001000s ]
INFO: [ template_filter ] --END-- [ RunTime:0.001000s ]
INFO: Run Behavior\ParseTemplateBehavior [ RunTime:0.082005s ]
INFO: [ view_parse ] --END-- [ RunTime:0.082005s ]
INFO: [ view_filter ] --START--
INFO: Run Behavior\WriteHtmlCacheBehavior [ RunTime:0.002000s ]
INFO: [ view_filter ] --END-- [ RunTime:0.002000s ]
INFO: [ app_end ] --START--
INFO: Run Behavior\ShowPageTraceBehavior [ RunTime:0.003000s ]
INFO: [ app_end ] --END-- [ RunTime:0.003000s ]

[ 2016-01-20T20:03:19+08:00 ] 127.0.0.1 /index.php/Index/admin/type/1/p/3.html
INFO: [ app_init ] --START--
INFO: Run Behavior\BuildLiteBehavior [ RunTime:0.000000s ]
INFO: [ app_init ] --END-- [ RunTime:0.001000s ]
INFO: [ app_begin ] --START--
INFO: Run Behavior\ReadHtmlCacheBehavior [ RunTime:0.002000s ]
INFO: [ app_begin ] --END-- [ RunTime:0.002000s ]
SQL: SHOW COLUMNS FROM `user` [ RunTime:0.0100s ]
SQL: SELECT `nickname` FROM `user` WHERE `account` = 'zhouxiaohui' LIMIT 1   [ RunTime:0.0010s ]
SQL: SHOW COLUMNS FROM `user` [ RunTime:0.0100s ]
SQL: SELECT COUNT(*) AS tp_count FROM `user` LIMIT 1   [ RunTime:0.0010s ]
SQL: SELECT * FROM `user` ORDER BY id LIMIT 10,5   [ RunTime:0.0010s ]
SQL: SHOW COLUMNS FROM `coin` [ RunTime:0.0100s ]
SQL: SELECT * FROM `coin` ORDER BY id desc  [ RunTime:0.0010s ]
SQL: SHOW COLUMNS FROM `bank` [ RunTime:0.0120s ]
SQL: SELECT * FROM `bank` ORDER BY id desc  [ RunTime:0.0010s ]
SQL: SHOW COLUMNS FROM `area` [ RunTime:0.0100s ]
SQL: SELECT * FROM `area` WHERE ( bank_id=4 ) ORDER BY id desc  [ RunTime:0.0010s ]
SQL: SELECT * FROM `area` WHERE ( bank_id=3 ) ORDER BY id desc  [ RunTime:0.0020s ]
SQL: SELECT * FROM `area` WHERE ( bank_id=2 ) ORDER BY id desc  [ RunTime:0.0010s ]
SQL: SELECT * FROM `area` WHERE ( bank_id=1 ) ORDER BY id desc  [ RunTime:0.0010s ]
SQL: SHOW COLUMNS FROM `news` [ RunTime:0.0090s ]
SQL: SELECT COUNT(*) AS tp_count FROM `news` LIMIT 1   [ RunTime:0.0010s ]
SQL: SELECT * FROM `news` ORDER BY id desc LIMIT 10,5   [ RunTime:0.0010s ]
INFO: [ view_parse ] --START--
INFO: [ template_filter ] --START--
INFO: Run Behavior\ContentReplaceBehavior [ RunTime:0.001000s ]
INFO: [ template_filter ] --END-- [ RunTime:0.001000s ]
INFO: Run Behavior\ParseTemplateBehavior [ RunTime:0.051003s ]
INFO: [ view_parse ] --END-- [ RunTime:0.051003s ]
INFO: [ view_filter ] --START--
INFO: Run Behavior\WriteHtmlCacheBehavior [ RunTime:0.001000s ]
INFO: [ view_filter ] --END-- [ RunTime:0.001000s ]
INFO: [ app_end ] --START--
INFO: Run Behavior\ShowPageTraceBehavior [ RunTime:0.003000s ]
INFO: [ app_end ] --END-- [ RunTime:0.003000s ]

